<?xml version="1.0" encoding="UTF-8"?>
<!-- Generated by org.testng.reporters.JUnitReportReporter -->
<testsuite skipped="0" hostname="FRT_UCERECER" name="extenreports.SeleniumLoginTest" tests="1" failures="0" timestamp="02 Aug 2018 16:57:32 GMT" time="24.139" errors="0">
  <testcase name="test1_validLoginTest" time="24.139" classname="extenreports.SeleniumLoginTest"/>
</testsuite> <!-- extenreports.SeleniumLoginTest -->
