<?xml version="1.0" encoding="UTF-8"?>
<!-- Generated by org.testng.reporters.JUnitReportReporter -->
<testsuite skipped="0" hostname="FRT_UCERECER" name="extenreports.SeleniumLoginTest" tests="1" failures="0" timestamp="31 Jul 2018 21:40:52 GMT" time="15.746" errors="0">
  <testcase name="test1_validLoginTest" time="15.746" classname="extenreports.SeleniumLoginTest"/>
</testsuite> <!-- extenreports.SeleniumLoginTest -->
